<?xml version="1.0" encoding="UTF-8"?>
<testng-results skipped="0" failed="0" ignored="0" total="1" passed="1">
  <reporter-output>
  </reporter-output>
  <suite name="Default suite" duration-ms="6733" started-at="2020-10-12T17:37:04Z" finished-at="2020-10-12T17:37:10Z">
    <groups>
    </groups>
    <test name="Default test" duration-ms="6733" started-at="2020-10-12T17:37:04Z" finished-at="2020-10-12T17:37:10Z">
      <class name="test.test">
        <test-method status="PASS" signature="setUp()[pri:0, instance:test.test@28feb3fa]" name="setUp" is-config="true" duration-ms="6039" started-at="2020-10-12T23:07:04Z" finished-at="2020-10-12T23:07:10Z">
          <reporter-output>
          </reporter-output>
        </test-method> <!-- setUp -->
        <test-method status="PASS" signature="test1()[pri:0, instance:test.test@28feb3fa]" name="test1" duration-ms="11" started-at="2020-10-12T23:07:10Z" finished-at="2020-10-12T23:07:10Z">
          <reporter-output>
          </reporter-output>
        </test-method> <!-- test1 -->
        <test-method status="PASS" signature="tearDown()[pri:0, instance:test.test@28feb3fa]" name="tearDown" is-config="true" duration-ms="666" started-at="2020-10-12T23:07:10Z" finished-at="2020-10-12T23:07:10Z">
          <reporter-output>
          </reporter-output>
        </test-method> <!-- tearDown -->
      </class> <!-- test.test -->
    </test> <!-- Default test -->
  </suite> <!-- Default suite -->
</testng-results>
