<?xml version="1.0" encoding="UTF-8"?>
<testng-results skipped="0" failed="0" ignored="0" total="1" passed="1">
  <reporter-output>
  </reporter-output>
  <suite name="Default suite" duration-ms="8471" started-at="2020-10-12T16:39:30Z" finished-at="2020-10-12T16:39:38Z">
    <groups>
    </groups>
    <test name="Default test" duration-ms="8471" started-at="2020-10-12T16:39:30Z" finished-at="2020-10-12T16:39:38Z">
      <class name="test.test">
        <test-method status="PASS" signature="setUp()[pri:0, instance:test.test@68be2bc2]" name="setUp" is-config="true" duration-ms="7676" started-at="2020-10-12T22:09:30Z" finished-at="2020-10-12T22:09:37Z">
          <reporter-output>
          </reporter-output>
        </test-method> <!-- setUp -->
        <test-method status="PASS" signature="test1()[pri:0, instance:test.test@68be2bc2]" name="test1" duration-ms="11" started-at="2020-10-12T22:09:37Z" finished-at="2020-10-12T22:09:37Z">
          <reporter-output>
          </reporter-output>
        </test-method> <!-- test1 -->
        <test-method status="PASS" signature="tearDown()[pri:0, instance:test.test@68be2bc2]" name="tearDown" is-config="true" duration-ms="767" started-at="2020-10-12T22:09:37Z" finished-at="2020-10-12T22:09:38Z">
          <reporter-output>
          </reporter-output>
        </test-method> <!-- tearDown -->
      </class> <!-- test.test -->
    </test> <!-- Default test -->
  </suite> <!-- Default suite -->
</testng-results>
